[2025-01-08 09:22:57,564]  INFO {org.wso2.ei.dashboard.bootstrap.DashboardServer} - WSO2 Integration Control Plane started.
[2025-01-08 09:22:57,570]  INFO {org.wso2.ei.dashboard.bootstrap.DashboardServer} - Login to Integration Control Plane Dashboard : 'https://ravija:9743/login'
[2025-01-08 09:23:02,310]  INFO {org.wso2.ei.dashboard.core.rest.delegates.heartbeat.HeartBeatDelegate} - New node dev_node_2 in group : mi_dev is registered. Inserting heartbeat information
[2025-01-08 09:23:07,065]  INFO {org.wso2.ei.dashboard.core.rest.delegates.heartbeat.HeartBeatDelegate} - New node dev_node_2 in group : mi_dev is registered. Inserting heartbeat information
[2025-01-08 09:23:07,324]  INFO {org.wso2.ei.dashboard.core.rest.delegates.auth.LoginDelegate} - User admin logged in successfully
[2025-01-08 09:23:12,082]  INFO {org.wso2.ei.dashboard.core.rest.delegates.heartbeat.HeartBeatDelegate} - New node dev_node_2 in group : mi_dev is registered. Inserting heartbeat information
[2025-01-08 09:23:17,084]  INFO {org.wso2.ei.dashboard.core.rest.delegates.heartbeat.HeartBeatDelegate} - New node dev_node_2 in group : mi_dev is registered. Inserting heartbeat information
[2025-01-08 09:23:22,093]  INFO {org.wso2.ei.dashboard.core.rest.delegates.heartbeat.HeartBeatDelegate} - New node dev_node_2 in group : mi_dev is registered. Inserting heartbeat information
[2025-01-08 09:23:27,082]  INFO {org.wso2.ei.dashboard.core.rest.delegates.heartbeat.HeartBeatDelegate} - New node dev_node_2 in group : mi_dev is registered. Inserting heartbeat information
[2025-01-08 09:25:04,747] ERROR {org.wso2.ei.dashboard.bootstrap.DashboardServer} - Error while starting up the server java.io.IOException: Failed to bind to 0.0.0.0/0.0.0.0:9743
	at org.eclipse.jetty.server.ServerConnector.openAcceptChannel(ServerConnector.java:349)
	at org.eclipse.jetty.server.ServerConnector.open(ServerConnector.java:310)
	at org.eclipse.jetty.server.AbstractNetworkConnector.doStart(AbstractNetworkConnector.java:80)
	at org.eclipse.jetty.server.ServerConnector.doStart(ServerConnector.java:234)
	at org.eclipse.jetty.util.component.AbstractLifeCycle.start(AbstractLifeCycle.java:73)
	at org.eclipse.jetty.server.Server.doStart(Server.java:401)
	at org.eclipse.jetty.util.component.AbstractLifeCycle.start(AbstractLifeCycle.java:73)
	at org.wso2.ei.dashboard.bootstrap.DashboardServer.startServerWithConfigs(DashboardServer.java:155)
	at org.wso2.ei.dashboard.bootstrap.Bootstrap.main(Bootstrap.java:40)
Caused by: java.net.BindException: Address already in use
	at java.base/sun.nio.ch.Net.bind0(Native Method)
	at java.base/sun.nio.ch.Net.bind(Net.java:555)
	at java.base/sun.nio.ch.ServerSocketChannelImpl.netBind(ServerSocketChannelImpl.java:337)
	at java.base/sun.nio.ch.ServerSocketChannelImpl.bind(ServerSocketChannelImpl.java:294)
	at java.base/sun.nio.ch.ServerSocketAdaptor.bind(ServerSocketAdaptor.java:89)
	at org.eclipse.jetty.server.ServerConnector.openAcceptChannel(ServerConnector.java:344)
	... 8 more

[2025-01-08 09:25:04,752]  INFO {org.wso2.ei.dashboard.bootstrap.DashboardServer} - Stopping the server
[2025-01-08 09:30:25,677]  INFO {org.wso2.ei.dashboard.bootstrap.DashboardServer} - WSO2 Integration Control Plane started.
[2025-01-08 09:30:25,680]  INFO {org.wso2.ei.dashboard.bootstrap.DashboardServer} - Login to Integration Control Plane Dashboard : 'https://ravija:9743/login'
[2025-01-08 09:30:29,027]  INFO {org.wso2.ei.dashboard.core.rest.delegates.heartbeat.HeartBeatDelegate} - New node dev_node_2 in group : mi_dev is registered. Inserting heartbeat information
[2025-01-08 09:30:29,325]  INFO {org.wso2.ei.dashboard.core.data.manager.InMemoryDataManager} - Inserting heartbeat details of node dev_node_2 in group mi_dev
[2025-01-08 09:30:29,326]  INFO {org.wso2.ei.dashboard.micro.integrator.MiArtifactsManager} - Fetching server details from node dev_node_2 in group mi_dev
[2025-01-08 09:30:29,332]  INFO {org.wso2.ei.dashboard.core.data.manager.InMemoryDataManager} - Adding serverInfo of node dev_node_2 in group mi_dev
[2025-01-08 09:30:37,026]  INFO {org.wso2.ei.dashboard.core.rest.delegates.auth.LoginDelegate} - User admin logged in successfully
[2025-01-08 10:20:13,689]  WARN {org.wso2.config.mapper.ConfigParser} - Configurations templates Changed in :repository/resources/conf/templates/server/www/conf/config.js.j2
[2025-01-08 10:20:13,692]  INFO {org.wso2.config.mapper.ConfigParser} - Applying Configurations upon new Templates
[2025-01-08 10:20:16,150]  INFO {org.wso2.ei.dashboard.bootstrap.DashboardServer} - WSO2 Integration Control Plane started.
[2025-01-08 10:20:16,150]  INFO {org.wso2.ei.dashboard.bootstrap.DashboardServer} - Login to Integration Control Plane Dashboard : 'https://ravija:9743/login'
[2025-01-08 10:20:18,858]  INFO {org.wso2.ei.dashboard.core.rest.delegates.heartbeat.HeartBeatDelegate} - New node dev_node_2 in group : mi_dev is registered. Inserting heartbeat information
[2025-01-08 10:20:19,149]  INFO {org.wso2.ei.dashboard.core.data.manager.InMemoryDataManager} - Inserting heartbeat details of node dev_node_2 in group mi_dev
[2025-01-08 10:20:19,151]  INFO {org.wso2.ei.dashboard.micro.integrator.MiArtifactsManager} - Fetching server details from node dev_node_2 in group mi_dev
[2025-01-08 10:20:19,155]  INFO {org.wso2.ei.dashboard.core.data.manager.InMemoryDataManager} - Adding serverInfo of node dev_node_2 in group mi_dev
[2025-01-08 10:25:19,159]  INFO {org.wso2.ei.dashboard.core.rest.delegates.heartbeat.HeartBeatDelegate} - Node : dev_node_2 of group : mi_dev has de-registered. Hence deleting node information
[2025-01-08 10:25:19,161]  INFO {org.wso2.ei.dashboard.core.data.manager.InMemoryDataManager} - Heartbeat deleted of node dev_node_2 in group mi_dev
[2025-01-08 10:25:19,162]  INFO {org.wso2.ei.dashboard.core.rest.delegates.heartbeat.HeartBeatDelegate} - Successfully deleted node where group_id : mi_dev and node_id : dev_node_2.
[2025-01-08 10:25:19,162]  INFO {org.wso2.ei.dashboard.core.rest.delegates.heartbeat.HeartBeatDelegate} - Deleting all information in node : dev_node_2 in group: mi_dev
[2025-01-08 10:25:19,165]  INFO {org.wso2.ei.dashboard.core.data.manager.InMemoryDataManager} - Successfully deleted server information of node dev_node_2 in group mi_dev
[2025-01-08 10:25:57,750]  INFO {org.wso2.ei.dashboard.core.rest.delegates.heartbeat.HeartBeatDelegate} - New node dev_node_2 in group : mi_dev is registered. Inserting heartbeat information
[2025-01-08 10:26:02,615]  INFO {org.wso2.ei.dashboard.core.rest.delegates.heartbeat.HeartBeatDelegate} - New node dev_node_2 in group : mi_dev is registered. Inserting heartbeat information
[2025-01-08 10:26:07,622]  INFO {org.wso2.ei.dashboard.core.rest.delegates.heartbeat.HeartBeatDelegate} - New node dev_node_2 in group : mi_dev is registered. Inserting heartbeat information
[2025-01-08 10:26:12,628]  INFO {org.wso2.ei.dashboard.core.rest.delegates.heartbeat.HeartBeatDelegate} - New node dev_node_2 in group : mi_dev is registered. Inserting heartbeat information
[2025-01-08 10:26:17,639]  INFO {org.wso2.ei.dashboard.core.rest.delegates.heartbeat.HeartBeatDelegate} - New node dev_node_2 in group : mi_dev is registered. Inserting heartbeat information
[2025-01-08 10:26:22,621]  INFO {org.wso2.ei.dashboard.core.rest.delegates.heartbeat.HeartBeatDelegate} - New node dev_node_2 in group : mi_dev is registered. Inserting heartbeat information
[2025-01-08 10:26:27,611]  INFO {org.wso2.ei.dashboard.core.rest.delegates.heartbeat.HeartBeatDelegate} - New node dev_node_2 in group : mi_dev is registered. Inserting heartbeat information
[2025-01-08 10:26:32,611]  INFO {org.wso2.ei.dashboard.core.rest.delegates.heartbeat.HeartBeatDelegate} - New node dev_node_2 in group : mi_dev is registered. Inserting heartbeat information
[2025-01-08 10:26:37,609]  INFO {org.wso2.ei.dashboard.core.rest.delegates.heartbeat.HeartBeatDelegate} - New node dev_node_2 in group : mi_dev is registered. Inserting heartbeat information
[2025-01-08 10:26:42,619]  INFO {org.wso2.ei.dashboard.core.rest.delegates.heartbeat.HeartBeatDelegate} - New node dev_node_2 in group : mi_dev is registered. Inserting heartbeat information
[2025-01-08 10:26:47,610]  INFO {org.wso2.ei.dashboard.core.rest.delegates.heartbeat.HeartBeatDelegate} - New node dev_node_2 in group : mi_dev is registered. Inserting heartbeat information
[2025-01-08 10:26:52,649]  INFO {org.wso2.ei.dashboard.core.rest.delegates.heartbeat.HeartBeatDelegate} - New node dev_node_2 in group : mi_dev is registered. Inserting heartbeat information
[2025-01-08 10:27:56,448]  INFO {org.wso2.ei.dashboard.core.rest.delegates.heartbeat.HeartBeatDelegate} - New node dev_node_2 in group : mi_dev is registered. Inserting heartbeat information
[2025-01-08 10:28:28,478]  INFO {org.wso2.ei.dashboard.core.rest.delegates.heartbeat.HeartBeatDelegate} - New node dev_node_2 in group : mi_dev is registered. Inserting heartbeat information
[2025-01-08 10:28:28,904]  INFO {org.wso2.ei.dashboard.core.data.manager.InMemoryDataManager} - Inserting heartbeat details of node dev_node_2 in group mi_dev
[2025-01-08 10:28:28,905]  INFO {org.wso2.ei.dashboard.micro.integrator.MiArtifactsManager} - Fetching server details from node dev_node_2 in group mi_dev
[2025-01-08 10:28:28,910]  INFO {org.wso2.ei.dashboard.core.data.manager.InMemoryDataManager} - Adding serverInfo of node dev_node_2 in group mi_dev
[2025-01-08 10:30:06,484]  INFO {org.wso2.ei.dashboard.core.rest.delegates.auth.LoginDelegate} - User admin logged in successfully
