[2025-01-19 00:34:23,087] ERROR {org.wso2.ei.dashboard.bootstrap.DashboardServer} - Error while reading TOML file configs org.wso2.config.mapper.ConfigParserException: Error while creating new directory /temp/backup/conf/security/cipher-text.properties
	at org.wso2.config.mapper.util.FileUtils.writeFile(FileUtils.java:74)
	at org.wso2.config.mapper.util.FileUtils.writeDirectory(FileUtils.java:101)
	at org.wso2.config.mapper.util.FileUtils.writeDirectory(FileUtils.java:138)
	at org.wso2.config.mapper.ConfigParser.backupConfigurations(ConfigParser.java:178)
	at org.wso2.config.mapper.ConfigParser.deployAndStoreMetadata(ConfigParser.java:190)
	at org.wso2.config.mapper.ConfigParser.parse(ConfigParser.java:137)
	at org.wso2.ei.dashboard.bootstrap.DashboardServer.parseConfigJS(DashboardServer.java:397)
	at org.wso2.ei.dashboard.bootstrap.DashboardServer.startServerWithConfigs(DashboardServer.java:136)
	at org.wso2.ei.dashboard.bootstrap.Bootstrap.main(Bootstrap.java:40)

[2025-01-19 00:35:05,663] ERROR {org.wso2.ei.dashboard.bootstrap.DashboardServer} - Error while starting up the server java.lang.IllegalStateException: /home/ravija/Documents/wso2-integration-control-plane-1.0.0/null is not a valid keystore
	at org.eclipse.jetty.util.security.CertificateUtils.getKeyStore(CertificateUtils.java:50)
	at org.eclipse.jetty.util.ssl.SslContextFactory.loadKeyStore(SslContextFactory.java:1203)
	at org.eclipse.jetty.util.ssl.SslContextFactory.load(SslContextFactory.java:322)
	at org.eclipse.jetty.util.ssl.SslContextFactory.doStart(SslContextFactory.java:244)
	at org.eclipse.jetty.util.component.AbstractLifeCycle.start(AbstractLifeCycle.java:73)
	at org.eclipse.jetty.util.component.ContainerLifeCycle.start(ContainerLifeCycle.java:169)
	at org.eclipse.jetty.util.component.ContainerLifeCycle.doStart(ContainerLifeCycle.java:117)
	at org.eclipse.jetty.server.SslConnectionFactory.doStart(SslConnectionFactory.java:97)
	at org.eclipse.jetty.util.component.AbstractLifeCycle.start(AbstractLifeCycle.java:73)
	at org.eclipse.jetty.util.component.ContainerLifeCycle.start(ContainerLifeCycle.java:169)
	at org.eclipse.jetty.util.component.ContainerLifeCycle.doStart(ContainerLifeCycle.java:117)
	at org.eclipse.jetty.util.component.AbstractLifeCycle.start(AbstractLifeCycle.java:73)
	at org.eclipse.jetty.util.component.ContainerLifeCycle.start(ContainerLifeCycle.java:169)
	at org.eclipse.jetty.util.component.ContainerLifeCycle.doStart(ContainerLifeCycle.java:117)
	at org.eclipse.jetty.server.AbstractConnector.doStart(AbstractConnector.java:323)
	at org.eclipse.jetty.server.AbstractNetworkConnector.doStart(AbstractNetworkConnector.java:81)
	at org.eclipse.jetty.server.ServerConnector.doStart(ServerConnector.java:234)
	at org.eclipse.jetty.util.component.AbstractLifeCycle.start(AbstractLifeCycle.java:73)
	at org.eclipse.jetty.server.Server.doStart(Server.java:401)
	at org.eclipse.jetty.util.component.AbstractLifeCycle.start(AbstractLifeCycle.java:73)
	at org.wso2.ei.dashboard.bootstrap.DashboardServer.startAndMonitorServer(DashboardServer.java:193)
	at org.wso2.ei.dashboard.bootstrap.DashboardServer.startServerWithConfigs(DashboardServer.java:153)
	at org.wso2.ei.dashboard.bootstrap.Bootstrap.main(Bootstrap.java:40)

[2025-01-19 00:35:45,152] ERROR {org.wso2.ei.dashboard.bootstrap.DashboardServer} - Error while reading TOML file configs org.wso2.config.mapper.ConfigParserException: Error while creating new directory /temp/backup/conf/security/cipher-text.properties
	at org.wso2.config.mapper.util.FileUtils.writeFile(FileUtils.java:74)
	at org.wso2.config.mapper.util.FileUtils.writeDirectory(FileUtils.java:101)
	at org.wso2.config.mapper.util.FileUtils.writeDirectory(FileUtils.java:138)
	at org.wso2.config.mapper.ConfigParser.backupConfigurations(ConfigParser.java:178)
	at org.wso2.config.mapper.ConfigParser.deployAndStoreMetadata(ConfigParser.java:190)
	at org.wso2.config.mapper.ConfigParser.parse(ConfigParser.java:137)
	at org.wso2.ei.dashboard.bootstrap.DashboardServer.parseConfigJS(DashboardServer.java:397)
	at org.wso2.ei.dashboard.bootstrap.DashboardServer.startServerWithConfigs(DashboardServer.java:136)
	at org.wso2.ei.dashboard.bootstrap.Bootstrap.main(Bootstrap.java:40)

[2025-01-19 00:37:02,150] ERROR {org.wso2.ei.dashboard.bootstrap.DashboardServer} - Error while reading TOML file configs org.wso2.config.mapper.ConfigParserException: Error while creating new directory /temp/backup/conf/security/cipher-text.properties
	at org.wso2.config.mapper.util.FileUtils.writeFile(FileUtils.java:74)
	at org.wso2.config.mapper.util.FileUtils.writeDirectory(FileUtils.java:101)
	at org.wso2.config.mapper.util.FileUtils.writeDirectory(FileUtils.java:138)
	at org.wso2.config.mapper.ConfigParser.backupConfigurations(ConfigParser.java:178)
	at org.wso2.config.mapper.ConfigParser.deployAndStoreMetadata(ConfigParser.java:190)
	at org.wso2.config.mapper.ConfigParser.parse(ConfigParser.java:137)
	at org.wso2.ei.dashboard.bootstrap.DashboardServer.parseConfigJS(DashboardServer.java:397)
	at org.wso2.ei.dashboard.bootstrap.DashboardServer.startServerWithConfigs(DashboardServer.java:136)
	at org.wso2.ei.dashboard.bootstrap.Bootstrap.main(Bootstrap.java:40)

[2025-01-19 00:39:15,184] ERROR {org.wso2.ei.dashboard.bootstrap.DashboardServer} - Error while reading TOML file configs org.wso2.config.mapper.ConfigParserException: Error while deleting backup
	at org.wso2.config.mapper.util.FileUtils.deleteDirectory(FileUtils.java:118)
	at org.wso2.config.mapper.ConfigParser.backupConfigurations(ConfigParser.java:176)
	at org.wso2.config.mapper.ConfigParser.deployAndStoreMetadata(ConfigParser.java:190)
	at org.wso2.config.mapper.ConfigParser.parse(ConfigParser.java:137)
	at org.wso2.ei.dashboard.bootstrap.DashboardServer.parseConfigJS(DashboardServer.java:397)
	at org.wso2.ei.dashboard.bootstrap.DashboardServer.startServerWithConfigs(DashboardServer.java:136)
	at org.wso2.ei.dashboard.bootstrap.Bootstrap.main(Bootstrap.java:40)

